TN:
SF:contracts/VaultEscrow.sol
DA:100,261
FN:100,VaultEscrow.onlyAdmin
FNDA:261,VaultEscrow.onlyAdmin
DA:101,261
BRDA:101,0,0,2
DA:105,3
FN:105,VaultEscrow.onlyBorrower
FNDA:3,VaultEscrow.onlyBorrower
DA:106,3
BRDA:106,1,0,1
DA:110,2
FN:110,VaultEscrow.atStage
FNDA:2,VaultEscrow.atStage
DA:111,2
BRDA:111,2,0,1
DA:115,6
FN:115,VaultEscrow.nonReentrant
FNDA:6,VaultEscrow.nonReentrant
DA:116,6
BRDA:116,3,0,-
BRDA:116,3,1,-
DA:117,6
DA:119,6
DA:122,1318
FN:122,VaultEscrow.whenNotPaused
FNDA:1318,VaultEscrow.whenNotPaused
DA:123,1
BRDA:123,4,0,1
DA:127,123
FN:127,VaultEscrow.constructor
FNDA:123,VaultEscrow.constructor
DA:128,123
DA:129,123
DA:136,1072
FN:136,VaultEscrow.listNFT
FNDA:1072,VaultEscrow.listNFT
DA:143,1072
BRDA:143,5,0,-
BRDA:143,5,1,-
DA:144,1071
BRDA:144,6,0,-
BRDA:144,6,1,-
DA:146,1071
DA:147,1071
BRDA:147,7,0,1
DA:149,1070
DA:150,1070
DA:166,1070
DA:168,1070
DA:169,1070
DA:172,2
FN:172,VaultEscrow.cancelListing
FNDA:2,VaultEscrow.cancelListing
DA:175,2
DA:176,2
DA:177,2
DA:178,2
DA:181,2
FN:181,VaultEscrow.updateListing
FNDA:2,VaultEscrow.updateListing
DA:184,1
DA:185,1
BRDA:185,8,0,-
BRDA:185,8,1,-
DA:186,1
BRDA:186,9,0,-
BRDA:186,9,1,-
DA:187,1
DA:188,1
DA:189,1
DA:190,1
DA:197,1317
FN:197,VaultEscrow.submitOffer
FNDA:1317,VaultEscrow.submitOffer
DA:200,1317
BRDA:200,10,0,-
BRDA:200,10,1,-
DA:201,1317
BRDA:201,11,0,-
BRDA:201,11,1,-
DA:202,0
BRDA:202,12,0,-
DA:204,1317
DA:205,1317
DA:206,1317
DA:207,1317
DA:208,1317
DA:210,1317
DA:213,514
FN:213,VaultEscrow.withdrawOffer
FNDA:514,VaultEscrow.withdrawOffer
DA:214,514
DA:215,514
BRDA:215,13,0,-
BRDA:215,13,1,-
DA:217,513
DA:218,513
BRDA:218,14,0,513
BRDA:218,14,1,-
DA:223,513
DA:224,513
DA:225,513
DA:228,513
DA:229,513
BRDA:229,15,0,-
DA:231,513
DA:238,796
FN:238,VaultEscrow.acceptOffer
FNDA:796,VaultEscrow.acceptOffer
DA:244,796
DA:245,796
BRDA:245,16,0,-
BRDA:245,16,1,-
DA:246,796
BRDA:246,17,0,-
BRDA:246,17,1,-
DA:249,796
DA:250,796
BRDA:250,18,0,257
DA:252,539
DA:254,539
DA:255,539
BRDA:255,19,0,1
BRDA:255,19,1,-
DA:256,1
DA:257,1
DA:258,1
DA:259,1
BRDA:259,20,0,-
DA:261,538
DA:263,1
DA:265,539
DA:266,539
DA:267,1
DA:268,1
DA:269,539
DA:270,1
DA:272,539
DA:273,539
DA:274,539
DA:276,539
DA:277,539
BRDA:277,21,0,-
DA:279,539
BRDA:279,22,0,539
DA:280,539
DA:281,539
BRDA:281,23,0,-
DA:284,539
DA:291,6
FN:291,VaultEscrow.repay
FNDA:6,VaultEscrow.repay
DA:294,6
DA:295,6
DA:296,6
DA:297,6
DA:299,6
BRDA:299,24,0,-
BRDA:299,24,1,-
DA:301,6
DA:303,6
DA:304,6
BRDA:304,25,0,-
DA:306,6
DA:307,6
BRDA:307,26,0,1
DA:308,1
DA:309,1
BRDA:309,27,0,-
DA:312,6
DA:314,6
DA:318,259
FN:318,VaultEscrow.repayPartial
FNDA:259,VaultEscrow.repayPartial
DA:321,259
BRDA:321,28,0,-
BRDA:321,28,1,-
DA:323,259
DA:324,259
DA:325,259
DA:326,259
DA:328,259
BRDA:328,29,0,-
BRDA:328,29,1,-
DA:330,209
DA:332,209
DA:333,209
BRDA:333,30,0,-
DA:335,209
BRDA:335,31,0,-
DA:336,0
DA:337,0
DA:340,209
DA:347,4
FN:347,VaultEscrow.claimCollateral
FNDA:4,VaultEscrow.claimCollateral
DA:350,3
DA:351,3
BRDA:351,32,0,-
DA:353,3
DA:354,3
BRDA:354,33,0,1
DA:356,2
DA:357,2
DA:359,2
DA:366,5
FN:366,VaultEscrow.dispute
FNDA:5,VaultEscrow.dispute
DA:367,5
DA:368,5
BRDA:368,34,0,1
DA:369,4
DA:370,4
DA:374,3
FN:374,VaultEscrow.resolve
FNDA:3,VaultEscrow.resolve
DA:377,3
DA:379,3
DA:380,3
DA:381,3
DA:383,3
DA:420,6
FN:420,VaultEscrow.atDealStage
FNDA:6,VaultEscrow.atDealStage
DA:421,6
BRDA:421,35,0,-
DA:425,3
FN:425,VaultEscrow.onlySeller
FNDA:3,VaultEscrow.onlySeller
DA:426,3
BRDA:426,36,0,-
DA:430,5
FN:430,VaultEscrow.onlyBuyer
FNDA:5,VaultEscrow.onlyBuyer
DA:431,5
BRDA:431,37,0,1
DA:435,11
FN:435,VaultEscrow.onlyDealParty
FNDA:11,VaultEscrow.onlyDealParty
DA:436,11
DA:437,11
BRDA:437,38,0,1
DA:445,3076
FN:445,VaultEscrow.listDeal
FNDA:3076,VaultEscrow.listDeal
DA:446,3076
BRDA:446,39,0,-
BRDA:446,39,1,-
DA:447,3076
DA:448,3076
DA:459,3076
DA:460,3076
DA:464,3
FN:464,VaultEscrow.cancelDeal
FNDA:3,VaultEscrow.cancelDeal
DA:467,2
DA:468,2
DA:472,2
FN:472,VaultEscrow.updateDeal
FNDA:2,VaultEscrow.updateDeal
DA:475,2
BRDA:475,40,0,-
BRDA:475,40,1,-
DA:476,2
DA:477,2
DA:481,298
FN:481,VaultEscrow.verifyDeal
FNDA:298,VaultEscrow.verifyDeal
DA:484,298
DA:485,298
DA:490,287
FN:490,VaultEscrow.fundDeal
FNDA:287,VaultEscrow.fundDeal
DA:493,287
DA:494,287
BRDA:494,41,0,-
BRDA:494,41,1,-
DA:495,286
BRDA:495,42,0,-
BRDA:495,42,1,-
DA:497,285
DA:498,285
DA:499,287
DA:500,285
DA:502,287
DA:506,270
FN:506,VaultEscrow.markDelivered
FNDA:270,VaultEscrow.markDelivered
DA:509,270
DA:510,270
BRDA:510,43,0,-
BRDA:510,43,1,-
DA:512,270
DA:513,270
DA:515,270
DA:519,2
FN:519,VaultEscrow.extendDeadline
FNDA:2,VaultEscrow.extendDeadline
DA:522,1
DA:524,1
DA:525,1
DA:526,1
BRDA:526,44,0,-
BRDA:526,44,1,-
DA:527,1
DA:528,1
DA:532,259
FN:532,VaultEscrow.confirmDelivery
FNDA:259,VaultEscrow.confirmDelivery
DA:535,259
DA:536,259
DA:537,259
DA:539,259
DA:540,259
DA:542,259
DA:543,259
BRDA:543,45,0,-
DA:545,259
BRDA:545,46,0,259
DA:546,259
DA:547,259
BRDA:547,47,0,-
DA:550,259
DA:554,10
FN:554,VaultEscrow.disputeDeal
FNDA:10,VaultEscrow.disputeDeal
DA:557,9
DA:558,9
DA:564,6
FN:564,VaultEscrow.resolveDeal
FNDA:6,VaultEscrow.resolveDeal
DA:567,6
DA:568,6
DA:569,6
BRDA:569,48,0,-
BRDA:569,48,1,-
DA:571,6
DA:572,6
DA:573,6
DA:574,6
DA:576,6
BRDA:576,49,0,-
DA:577,5
DA:578,5
BRDA:578,50,0,-
DA:580,6
BRDA:580,51,0,5
DA:581,5
DA:582,5
DA:583,5
DA:584,5
BRDA:584,52,0,-
DA:585,5
BRDA:585,53,0,5
DA:586,5
DA:587,5
BRDA:587,54,0,-
DA:592,6
DA:593,6
BRDA:593,55,0,1
DA:594,1
DA:595,1
BRDA:595,56,0,-
DA:598,6
DA:602,4
FN:602,VaultEscrow.refundDeal
FNDA:4,VaultEscrow.refundDeal
DA:605,4
DA:606,4
BRDA:606,57,0,-
BRDA:606,57,1,-
DA:608,3
DA:609,3
DA:610,4
DA:612,3
DA:613,4
BRDA:613,58,0,-
DA:615,3
DA:631,8
FN:631,VaultEscrow.listMiniApp
FNDA:8,VaultEscrow.listMiniApp
DA:632,8
DA:633,8
DA:634,8
DA:635,8
DA:636,8
DA:639,2
FN:639,VaultEscrow.cancelMiniApp
FNDA:2,VaultEscrow.cancelMiniApp
DA:640,2
DA:641,2
BRDA:641,59,0,-
BRDA:641,59,1,-
DA:642,2
DA:643,2
DA:646,2
FN:646,VaultEscrow.updateMiniApp
FNDA:2,VaultEscrow.updateMiniApp
DA:647,2
DA:648,2
BRDA:648,60,0,-
BRDA:648,60,1,-
DA:649,2
DA:652,5
FN:652,VaultEscrow.verifyMiniApp
FNDA:5,VaultEscrow.verifyMiniApp
DA:653,5
DA:654,5
BRDA:654,61,0,-
BRDA:654,61,1,-
DA:655,5
DA:656,5
DA:660,5
FN:660,VaultEscrow.buyMiniApp
FNDA:5,VaultEscrow.buyMiniApp
DA:661,5
DA:662,5
BRDA:662,62,0,-
BRDA:662,62,1,-
DA:663,5
DA:664,5
BRDA:664,63,0,-
BRDA:664,63,1,-
DA:665,4
BRDA:665,64,0,-
BRDA:665,64,1,-
DA:666,3
BRDA:666,65,0,-
BRDA:666,65,1,-
DA:668,3
DA:669,4
DA:671,2
DA:672,5
DA:674,5
DA:675,5
BRDA:675,66,0,-
DA:677,2
BRDA:677,67,0,2
DA:678,2
DA:679,2
BRDA:679,68,0,-
DA:682,2
DA:683,2
DA:684,2
DA:691,259
FN:691,VaultEscrow.setPlatformFee
FNDA:259,VaultEscrow.setPlatformFee
DA:692,259
BRDA:692,69,0,-
BRDA:692,69,1,-
DA:693,29
DA:694,259
DA:697,4
FN:697,VaultEscrow.transferAdmin
FNDA:4,VaultEscrow.transferAdmin
DA:698,4
BRDA:698,70,0,-
BRDA:698,70,1,-
DA:699,3
DA:700,3
DA:701,3
DA:704,10
FN:704,VaultEscrow.pause
FNDA:10,VaultEscrow.pause
DA:705,10
DA:706,10
DA:709,4
FN:709,VaultEscrow.unpause
FNDA:4,VaultEscrow.unpause
DA:710,4
DA:711,4
DA:714,1071
FN:714,VaultEscrow.onERC721Received
FNDA:1071,VaultEscrow.onERC721Received
DA:715,1071
DA:722,2
FN:722,VaultEscrow.getOfferCount
FNDA:2,VaultEscrow.getOfferCount
DA:723,2
DA:726,1
FN:726,VaultEscrow.getOfferLenders
FNDA:1,VaultEscrow.getOfferLenders
DA:727,1
DA:730,467
FN:730,VaultEscrow.getRepaymentDue
FNDA:467,VaultEscrow.getRepaymentDue
DA:731,467
DA:732,467
DA:733,467
DA:734,467
DA:735,467
DA:738,1
FN:738,VaultEscrow.getDeadline
FNDA:1,VaultEscrow.getDeadline
DA:739,1
DA:740,1
FNF:46
FNH:46
LF:301
LH:298
BRF:103
BRH:19
end_of_record
TN:
SF:test/mocks/MockERC721.sol
DA:19,1072
FN:19,MockERC721.mint
FNDA:1072,MockERC721.mint
DA:20,1072
DA:21,1072
DA:22,1072
DA:23,1072
DA:24,0
DA:27,1071
FN:27,MockERC721.approve
FNDA:1071,MockERC721.approve
DA:28,1071
DA:29,1071
BRDA:29,0,0,1071
BRDA:29,0,1,-
DA:30,1071
DA:31,1071
DA:34,0
FN:34,MockERC721.setApprovalForAll
FNDA:0,MockERC721.setApprovalForAll
DA:35,0
DA:36,0
DA:39,0
FN:39,MockERC721.getApproved
FNDA:0,MockERC721.getApproved
DA:40,0
DA:43,0
FN:43,MockERC721.isApprovedForAll
FNDA:0,MockERC721.isApprovedForAll
DA:44,0
DA:47,1083
FN:47,MockERC721.ownerOf
FNDA:1083,MockERC721.ownerOf
DA:48,1083
DA:49,1083
BRDA:49,1,0,-
BRDA:49,1,1,-
DA:50,0
DA:53,0
FN:53,MockERC721.balanceOf
FNDA:0,MockERC721.balanceOf
DA:54,0
DA:57,1083
FN:57,MockERC721.safeTransferFrom
FNDA:1083,MockERC721.safeTransferFrom
DA:58,1083
DA:59,1083
BRDA:59,2,0,1070
DA:60,1070
DA:61,1070
BRDA:61,3,0,1070
BRDA:61,3,1,1070
DA:65,1083
FN:65,MockERC721.transferFrom
FNDA:1083,MockERC721.transferFrom
DA:66,1083
DA:67,1083
BRDA:67,4,0,-
BRDA:67,4,1,-
DA:68,1083
BRDA:68,5,0,1083
BRDA:68,5,1,-
DA:72,1083
DA:73,1083
DA:74,1083
DA:76,1083
FNF:9
FNH:5
LF:37
LH:26
BRF:11
BRH:5
end_of_record
